 ************************************************
    N=  3.0    L=  0.0    J=  0.5
GRASP:          RMAX=  0.120000E+03
GRASP:   R(N)-R(N-1)=  0.124351E+01
GRASP:     R(2)-R(1)=  0.806101E-08
  RWF:          RMAX=  0.120000E+03
  RWF:   R(N)-R(N-1)=  0.124351E+01
  RWF:     R(2)-R(1)=  0.335359E-04
FOR GRASP:        N =  1812
                RNT =   0.769833E-06
                  H =   0.104167E-01
 ************************************************
    N=  3.0    L=  1.0    J=  0.5
GRASP:          RMAX=  0.120000E+03
GRASP:   R(N)-R(N-1)=  0.124351E+01
GRASP:     R(2)-R(1)=  0.806101E-08
  RWF:          RMAX=  0.120000E+03
  RWF:   R(N)-R(N-1)=  0.124351E+01
  RWF:     R(2)-R(1)=  0.335359E-04
FOR GRASP:        N =  1812
                RNT =   0.769833E-06
                  H =   0.104167E-01
 ************************************************
    N=  3.0    L=  1.0    J=  1.5
GRASP:          RMAX=  0.120000E+03
GRASP:   R(N)-R(N-1)=  0.124351E+01
GRASP:     R(2)-R(1)=  0.806101E-08
  RWF:          RMAX=  0.120000E+03
  RWF:   R(N)-R(N-1)=  0.124351E+01
  RWF:     R(2)-R(1)=  0.335359E-04
FOR GRASP:        N =  1812
                RNT =   0.769833E-06
                  H =   0.104167E-01
 ************************************************
    N=  3.0    L=  2.0    J=  1.5
GRASP:          RMAX=  0.120000E+03
GRASP:   R(N)-R(N-1)=  0.124351E+01
GRASP:     R(2)-R(1)=  0.554025E-08
  RWF:          RMAX=  0.120000E+03
  RWF:   R(N)-R(N-1)=  0.124351E+01
  RWF:     R(2)-R(1)=  0.230489E-04
FOR GRASP:        N =  1848
                RNT =   0.529098E-06
                  H =   0.104167E-01
 ************************************************
    N=  3.0    L=  2.0    J=  2.5
GRASP:          RMAX=  0.120000E+03
GRASP:   R(N)-R(N-1)=  0.124351E+01
GRASP:     R(2)-R(1)=  0.554025E-08
  RWF:          RMAX=  0.120000E+03
  RWF:   R(N)-R(N-1)=  0.124351E+01
  RWF:     R(2)-R(1)=  0.230489E-04
FOR GRASP:        N =  1848
                RNT =   0.529098E-06
                  H =   0.104167E-01
 ************************************************
    N=  4.0    L=  3.0    J=  2.5
GRASP:          RMAX=  0.120000E+03
GRASP:   R(N)-R(N-1)=  0.124351E+01
GRASP:     R(2)-R(1)=  0.431475E-08
  RWF:          RMAX=  0.120000E+03
  RWF:   R(N)-R(N-1)=  0.124351E+01
  RWF:     R(2)-R(1)=  0.633412E-05
FOR GRASP:        N =  1872
                RNT =   0.412062E-06
                  H =   0.104167E-01
 ************************************************
    N=  4.0    L=  3.0    J=  3.5
GRASP:          RMAX=  0.120000E+03
GRASP:   R(N)-R(N-1)=  0.124351E+01
GRASP:     R(2)-R(1)=  0.431475E-08
  RWF:          RMAX=  0.120000E+03
  RWF:   R(N)-R(N-1)=  0.124351E+01
  RWF:     R(2)-R(1)=  0.633412E-05
FOR GRASP:        N =  1872
                RNT =   0.412062E-06
                  H =   0.104167E-01
 &&&&&&&&&&&&&&&&&&&&&&&&&&&&&&&&&
 THE FINAL RESULTS
GRASP:          RMAX=  0.120000E+03
GRASP:   R(N)-R(N-1)=  0.124351E+01
GRASP:     R(2)-R(1)=  0.431475E-08
FOR GRASP:        N =  1872
                RNT =   0.412062E-06
                  H =   0.104167E-01
